<?xml version="1.0" encoding="UTF-8"?>
<Site BuildName="Win32-mingw32-make"
	BuildStamp="20230312-1421-Experimental"
	Name="[NON-UTF-8-BYTE-0xB1][NON-UTF-8-BYTE-0xF9]ˮ[NON-UTF-8-BYTE-0xBB][NON-UTF-8-BYTE-0xEC][NON-UTF-8-BYTE-0xBA][NON-UTF-8-BYTE-0xCF][NON-UTF-8-BYTE-0xCE][NON-UTF-8-BYTE-0xEF]"
	Generator="ctest-3.23.0-rc3"
	CompilerName="D:/x86_64-8.1.0-release-posix-seh-rt_v6-rev0/mingw64/bin/g++.exe"
	CompilerVersion="8.1.0"
	OSName="Windows"
	Hostname="[NON-UTF-8-BYTE-0xB1][NON-UTF-8-BYTE-0xF9]ˮ[NON-UTF-8-BYTE-0xBB][NON-UTF-8-BYTE-0xEC][NON-UTF-8-BYTE-0xBA][NON-UTF-8-BYTE-0xCF][NON-UTF-8-BYTE-0xCE][NON-UTF-8-BYTE-0xEF]"
	OSRelease=" Personal"
	OSVersion=" (Build 25314)"
	OSPlatform="AMD64"
	Is64Bits="1"
	VendorString="GenuineIntel"
	VendorID="Intel Corporation"
	FamilyID="6"
	ModelID="14"
	ProcessorCacheSize="-1"
	NumberOfLogicalCPU="8"
	NumberOfPhysicalCPU="4"
	TotalVirtualMemory="23909"
	TotalPhysicalMemory="16229"
	LogicalProcessorsPerPhysical="2"
	ProcessorClockFrequency="1800"
	>
	<Testing>
		<StartDateTime>Mar 12 22:21 ?D1[NON-UTF-8-BYTE-0xA8][NON-UTF-8-BYTE-0xB2][NON-UTF-8-BYTE-0xA1][NON-UTF-8-BYTE-0xC0][NON-UTF-8-BYTE-0xA8][NON-UTF-8-BYTE-0xBA][NON-UTF-8-BYTE-0xA1][NON-UTF-8-BYTE-0xC1]?[NON-UTF-8-BYTE-0xA8][NON-UTF-8-BYTE-0xBA][NON-UTF-8-BYTE-0xA1][NON-UTF-8-BYTE-0xC0]??</StartDateTime>
		<StartTestTime>1678630888</StartTestTime>
		<TestList/>
		<EndDateTime>Mar 12 22:21 ?D1[NON-UTF-8-BYTE-0xA8][NON-UTF-8-BYTE-0xB2][NON-UTF-8-BYTE-0xA1][NON-UTF-8-BYTE-0xC0][NON-UTF-8-BYTE-0xA8][NON-UTF-8-BYTE-0xBA][NON-UTF-8-BYTE-0xA1][NON-UTF-8-BYTE-0xC1]?[NON-UTF-8-BYTE-0xA8][NON-UTF-8-BYTE-0xBA][NON-UTF-8-BYTE-0xA1][NON-UTF-8-BYTE-0xC0]??</EndDateTime>
		<EndTestTime>1678630888</EndTestTime>
		<ElapsedMinutes>0</ElapsedMinutes>
	</Testing>
</Site>
